<?xml version="1.0" encoding="UTF-8"?>
<!-- Generated by org.testng.reporters.JUnitReportReporter -->
<testsuite hostname="DESKTOP-CKSETLD" failures="0" tests="2" name="testNG.TestNGAssertion" time="0.037" errors="0" timestamp="14 Apr 2020 23:51:53 GMT" skipped="0">
  <testcase classname="testNG.TestNGAssertion" name="getTittle" time="0.028"/>
  <testcase classname="testNG.TestNGAssertion" name="testEquality" time="0.009"/>
</testsuite> <!-- testNG.TestNGAssertion -->
