<?xml version="1.0" encoding="UTF-8"?>
<!-- Generated by org.testng.reporters.JUnitReportReporter -->
<testsuite hostname="DESKTOP-CKSETLD" failures="0" tests="1" name="testNG.TestGroupingNew" time="0.007" errors="0" timestamp="14 Apr 2020 22:54:58 GMT" skipped="0">
  <testcase classname="testNG.TestGroupingNew" name="f2" time="0.007"/>
</testsuite> <!-- testNG.TestGroupingNew -->
