<?xml version="1.0" encoding="UTF-8"?>
<!-- Generated by org.testng.reporters.JUnitReportReporter -->
<testsuite hostname="DESKTOP-CKSETLD" failures="0" tests="2" name="testNG.TestAnnotations" time="0.005" errors="0" timestamp="14 Apr 2020 22:40:07 GMT" skipped="0">
  <testcase classname="testNG.TestAnnotations" name="f1" time="0.004"/>
  <testcase classname="testNG.TestAnnotations" name="f2" time="0.001"/>
</testsuite> <!-- testNG.TestAnnotations -->
