<?xml version="1.0" encoding="UTF-8"?>
<!-- Generated by org.testng.reporters.JUnitReportReporter -->
<testsuite hostname="DESKTOP-CKSETLD" failures="0" tests="2" name="testNG.TestDependency" time="13.280" errors="0" timestamp="16 Apr 2020 20:38:59 GMT" skipped="0">
  <testcase classname="testNG.TestDependency" name="loginFacebook" time="6.777"/>
  <testcase classname="testNG.TestDependency" name="openBrowser" time="6.503"/>
</testsuite> <!-- testNG.TestDependency -->
