<?xml version="1.0" encoding="UTF-8"?>
<!-- Generated by org.testng.reporters.JUnitReportReporter -->
<testsuite hostname="DESKTOP-CKSETLD" failures="0" tests="6" name="testNG.TestTestNGAttributes" time="0.009" errors="0" timestamp="14 Apr 2020 22:13:59 GMT" skipped="1">
  <testcase classname="testNG.TestTestNGAttributes" name="y" time="0.000"/>
  <testcase classname="testNG.TestTestNGAttributes" name="d" time="0.001"/>
  <testcase classname="testNG.TestTestNGAttributes" name="h" time="0.007"/>
  <testcase classname="testNG.TestTestNGAttributes" name="f" time="0.001"/>
  <testcase classname="testNG.TestTestNGAttributes" name="o" time="0.000"/>
  <testcase classname="testNG.TestTestNGAttributes" name="m">
    <skipped/>
  </testcase> <!-- m -->
</testsuite> <!-- testNG.TestTestNGAttributes -->
