<?xml version="1.0" encoding="UTF-8"?>
<!-- Generated by org.testng.reporters.JUnitReportReporter -->
<testsuite hostname="DESKTOP-CKSETLD" failures="0" tests="4" name="testNG.TestGrouping" time="0.004" errors="0" timestamp="14 Apr 2020 22:54:58 GMT" skipped="0">
  <testcase classname="testNG.TestGrouping" name="m1" time="0.001"/>
  <testcase classname="testNG.TestGrouping" name="m3" time="0.001"/>
  <testcase classname="testNG.TestGrouping" name="m2" time="0.001"/>
  <testcase classname="testNG.TestGrouping" name="m4" time="0.001"/>
</testsuite> <!-- testNG.TestGrouping -->
