<?xml version="1.0" encoding="UTF-8"?>
<!-- Generated by org.testng.reporters.JUnitReportReporter -->
<testsuite hostname="DESKTOP-CKSETLD" failures="0" tests="1" name="bankproject.VerifyLogin" time="16.625" errors="0" timestamp="30 Apr 2020 11:19:30 GMT" skipped="0">
  <testcase classname="bankproject.VerifyLogin" name="login" time="16.625"/>
</testsuite> <!-- bankproject.VerifyLogin -->
